[INFO][2014-11-07 09:51:16,934][org.springframework.context.support.ClassPathXmlApplicationContext]Refreshing org.springframework.context.support.ClassPathXmlApplicationContext@3c0d52ea: startup date [Fri Nov 07 09:51:16 CST 2014]; root of context hierarchy
[INFO][2014-11-07 09:51:17,065][org.springframework.beans.factory.xml.XmlBeanDefinitionReader]Loading XML bean definitions from class path resource [spring.xml]
[INFO][2014-11-07 09:51:17,386][org.springframework.beans.factory.xml.XmlBeanDefinitionReader]Loading XML bean definitions from class path resource [spring-hibernate.xml]
[INFO][2014-11-07 09:51:17,772][org.springframework.beans.factory.config.PropertyPlaceholderConfigurer]Loading properties file from class path resource [config.properties]
[INFO][2014-11-07 09:51:17,845][org.springframework.beans.factory.support.DefaultListableBeanFactory]Pre-instantiating singletons in org.springframework.beans.factory.support.DefaultListableBeanFactory@34a84a4f: defining beans [org.springframework.beans.factory.config.PropertyPlaceholderConfigurer#0,org.springframework.context.annotation.internalConfigurationAnnotationProcessor,org.springframework.context.annotation.internalAutowiredAnnotationProcessor,org.springframework.context.annotation.internalRequiredAnnotationProcessor,org.springframework.context.annotation.internalCommonAnnotationProcessor,org.springframework.context.annotation.internalPersistenceAnnotationProcessor,dataSource,sessionFactory,transactionManager,org.springframework.aop.config.internalAutoProxyCreator,productServiceMethods,org.springframework.aop.support.DefaultBeanFactoryPointcutAdvisor#0,txAdvice,druid-stat-interceptor,druid-stat-pointcut,org.springframework.aop.support.DefaultBeanFactoryPointcutAdvisor#1,org.springframework.context.annotation.ConfigurationClassPostProcessor$ImportAwareBeanPostProcessor#0]; root of factory hierarchy
[ERROR][2014-11-07 09:51:18,914][com.alibaba.druid.pool.DruidAbstractDataSource]maxIdle is deprecated
[INFO][2014-11-07 09:51:19,098][com.alibaba.druid.pool.DruidDataSource]{dataSource-1} inited
[INFO][2014-11-07 09:51:19,577][org.hibernate.annotations.common.Version]HCANN000001: Hibernate Commons Annotations {4.0.1.Final}
[INFO][2014-11-07 09:51:19,588][org.hibernate.Version]HHH000412: Hibernate Core {4.1.5.SP1}
[INFO][2014-11-07 09:51:19,591][org.hibernate.cfg.Environment]HHH000206: hibernate.properties not found
[INFO][2014-11-07 09:51:19,595][org.hibernate.cfg.Environment]HHH000021: Bytecode provider name : javassist
[INFO][2014-11-07 09:51:19,636][org.hibernate.cfg.Configuration]HHH000220: Reading mappings from file: D:\github\BestPractice\MavenInAction\web-ssh\web-ssh Maven Webapp\target\test-classes\com\webFrame\bean\User.hbm.xml
[WARN][2014-11-07 09:51:19,697][org.hibernate.internal.util.xml.DTDEntityResolver]HHH000223: Recognized obsolete hibernate namespace http://hibernate.sourceforge.net/. Use namespace http://www.hibernate.org/dtd/ instead. Refer to Hibernate 3.6 Migration Guide!
[INFO][2014-11-07 09:51:20,349][org.hibernate.dialect.Dialect]HHH000400: Using dialect: org.hibernate.dialect.MySQLDialect
[INFO][2014-11-07 09:51:20,385][org.hibernate.engine.transaction.internal.TransactionFactoryInitiator]HHH000399: Using default transaction strategy (direct JDBC transactions)
[INFO][2014-11-07 09:51:20,394][org.hibernate.hql.internal.ast.ASTQueryTranslatorFactory]HHH000397: Using ASTQueryTranslatorFactory
[INFO][2014-11-07 09:51:21,092][org.hibernate.tool.hbm2ddl.SchemaUpdate]HHH000228: Running hbm2ddl schema update
[INFO][2014-11-07 09:51:21,093][org.hibernate.tool.hbm2ddl.SchemaUpdate]HHH000102: Fetching database metadata
[INFO][2014-11-07 09:51:21,098][org.hibernate.tool.hbm2ddl.SchemaUpdate]HHH000396: Updating schema
[INFO][2014-11-07 09:51:21,103][java.sql.DatabaseMetaData]HHH000262: Table not found: user
[INFO][2014-11-07 09:51:21,105][java.sql.DatabaseMetaData]HHH000262: Table not found: user
[INFO][2014-11-07 09:51:21,814][org.hibernate.tool.hbm2ddl.SchemaUpdate]HHH000232: Schema update complete
[INFO][2014-11-07 09:51:21,954][org.springframework.orm.hibernate4.HibernateTransactionManager]Using DataSource [{
	CreateTime:"2014-11-07 09:51:18",
	ActiveCount:0,
	PoolingCount:1,
	CreateCount:1,
	DestroyCount:0,
	CloseCount:2,
	ConnectCount:2,
	Connections:[
		{ID:726801622, ConnectTime:"2014-11-07 09:51:20", UseCount:2, LastActiveTime:"2014-11-07 09:51:21"}
	]
}] of Hibernate SessionFactory for HibernateTransactionManager
[WARN][2014-11-07 09:51:22,214][org.hibernate.engine.jdbc.spi.SqlExceptionHelper]SQL Error: 1366, SQLState: HY000
[ERROR][2014-11-07 09:51:22,215][org.hibernate.engine.jdbc.spi.SqlExceptionHelper]Incorrect string value: '\xE5\xB0\x8F\xE6\x98\x8E' for column 'name' at row 1
[INFO][2014-11-07 09:56:12,546][org.springframework.context.support.ClassPathXmlApplicationContext]Refreshing org.springframework.context.support.ClassPathXmlApplicationContext@3c0d52ea: startup date [Fri Nov 07 09:56:12 CST 2014]; root of context hierarchy
[INFO][2014-11-07 09:56:12,693][org.springframework.beans.factory.xml.XmlBeanDefinitionReader]Loading XML bean definitions from class path resource [spring.xml]
[INFO][2014-11-07 09:56:13,003][org.springframework.beans.factory.xml.XmlBeanDefinitionReader]Loading XML bean definitions from class path resource [spring-hibernate.xml]
[INFO][2014-11-07 09:56:13,375][org.springframework.beans.factory.config.PropertyPlaceholderConfigurer]Loading properties file from class path resource [config.properties]
[INFO][2014-11-07 09:56:13,453][org.springframework.beans.factory.support.DefaultListableBeanFactory]Pre-instantiating singletons in org.springframework.beans.factory.support.DefaultListableBeanFactory@14a6a38b: defining beans [org.springframework.beans.factory.config.PropertyPlaceholderConfigurer#0,org.springframework.context.annotation.internalConfigurationAnnotationProcessor,org.springframework.context.annotation.internalAutowiredAnnotationProcessor,org.springframework.context.annotation.internalRequiredAnnotationProcessor,org.springframework.context.annotation.internalCommonAnnotationProcessor,org.springframework.context.annotation.internalPersistenceAnnotationProcessor,dataSource,sessionFactory,transactionManager,org.springframework.aop.config.internalAutoProxyCreator,productServiceMethods,org.springframework.aop.support.DefaultBeanFactoryPointcutAdvisor#0,txAdvice,druid-stat-interceptor,druid-stat-pointcut,org.springframework.aop.support.DefaultBeanFactoryPointcutAdvisor#1,org.springframework.context.annotation.ConfigurationClassPostProcessor$ImportAwareBeanPostProcessor#0]; root of factory hierarchy
[ERROR][2014-11-07 09:56:14,551][com.alibaba.druid.pool.DruidAbstractDataSource]maxIdle is deprecated
[INFO][2014-11-07 09:56:14,729][com.alibaba.druid.pool.DruidDataSource]{dataSource-1} inited
[INFO][2014-11-07 09:56:15,097][org.hibernate.annotations.common.Version]HCANN000001: Hibernate Commons Annotations {4.0.1.Final}
[INFO][2014-11-07 09:56:15,105][org.hibernate.Version]HHH000412: Hibernate Core {4.1.5.SP1}
[INFO][2014-11-07 09:56:15,108][org.hibernate.cfg.Environment]HHH000206: hibernate.properties not found
[INFO][2014-11-07 09:56:15,113][org.hibernate.cfg.Environment]HHH000021: Bytecode provider name : javassist
[INFO][2014-11-07 09:56:15,603][org.hibernate.dialect.Dialect]HHH000400: Using dialect: org.hibernate.dialect.MySQLDialect
[INFO][2014-11-07 09:56:15,636][org.hibernate.engine.transaction.internal.TransactionFactoryInitiator]HHH000399: Using default transaction strategy (direct JDBC transactions)
[INFO][2014-11-07 09:56:15,645][org.hibernate.hql.internal.ast.ASTQueryTranslatorFactory]HHH000397: Using ASTQueryTranslatorFactory
[INFO][2014-11-07 09:56:16,160][org.hibernate.tool.hbm2ddl.SchemaUpdate]HHH000228: Running hbm2ddl schema update
[INFO][2014-11-07 09:56:16,160][org.hibernate.tool.hbm2ddl.SchemaUpdate]HHH000102: Fetching database metadata
[INFO][2014-11-07 09:56:16,164][org.hibernate.tool.hbm2ddl.SchemaUpdate]HHH000396: Updating schema
[INFO][2014-11-07 09:56:16,164][org.hibernate.tool.hbm2ddl.SchemaUpdate]HHH000232: Schema update complete
[INFO][2014-11-07 09:56:16,290][org.springframework.orm.hibernate4.HibernateTransactionManager]Using DataSource [{
	CreateTime:"2014-11-07 09:56:13",
	ActiveCount:0,
	PoolingCount:1,
	CreateCount:1,
	DestroyCount:0,
	CloseCount:2,
	ConnectCount:2,
	Connections:[
		{ID:1589510690, ConnectTime:"2014-11-07 09:56:15", UseCount:2, LastActiveTime:"2014-11-07 09:56:16"}
	]
}] of Hibernate SessionFactory for HibernateTransactionManager
[INFO][2014-11-07 09:57:16,859][org.springframework.context.support.ClassPathXmlApplicationContext]Refreshing org.springframework.context.support.ClassPathXmlApplicationContext@3c0d52ea: startup date [Fri Nov 07 09:57:16 CST 2014]; root of context hierarchy
[INFO][2014-11-07 09:57:16,993][org.springframework.beans.factory.xml.XmlBeanDefinitionReader]Loading XML bean definitions from class path resource [spring.xml]
[INFO][2014-11-07 09:57:17,313][org.springframework.beans.factory.xml.XmlBeanDefinitionReader]Loading XML bean definitions from class path resource [spring-hibernate.xml]
[INFO][2014-11-07 09:57:17,695][org.springframework.beans.factory.config.PropertyPlaceholderConfigurer]Loading properties file from class path resource [config.properties]
[INFO][2014-11-07 09:57:17,788][org.springframework.beans.factory.support.DefaultListableBeanFactory]Pre-instantiating singletons in org.springframework.beans.factory.support.DefaultListableBeanFactory@34a84a4f: defining beans [org.springframework.beans.factory.config.PropertyPlaceholderConfigurer#0,org.springframework.context.annotation.internalConfigurationAnnotationProcessor,org.springframework.context.annotation.internalAutowiredAnnotationProcessor,org.springframework.context.annotation.internalRequiredAnnotationProcessor,org.springframework.context.annotation.internalCommonAnnotationProcessor,org.springframework.context.annotation.internalPersistenceAnnotationProcessor,dataSource,sessionFactory,transactionManager,org.springframework.aop.config.internalAutoProxyCreator,productServiceMethods,org.springframework.aop.support.DefaultBeanFactoryPointcutAdvisor#0,txAdvice,druid-stat-interceptor,druid-stat-pointcut,org.springframework.aop.support.DefaultBeanFactoryPointcutAdvisor#1,org.springframework.context.annotation.ConfigurationClassPostProcessor$ImportAwareBeanPostProcessor#0]; root of factory hierarchy
[ERROR][2014-11-07 09:57:18,928][com.alibaba.druid.pool.DruidAbstractDataSource]maxIdle is deprecated
[INFO][2014-11-07 09:57:19,117][com.alibaba.druid.pool.DruidDataSource]{dataSource-1} inited
[INFO][2014-11-07 09:57:20,070][org.hibernate.annotations.common.Version]HCANN000001: Hibernate Commons Annotations {4.0.1.Final}
[INFO][2014-11-07 09:57:20,082][org.hibernate.Version]HHH000412: Hibernate Core {4.1.5.SP1}
[INFO][2014-11-07 09:57:20,086][org.hibernate.cfg.Environment]HHH000206: hibernate.properties not found
[INFO][2014-11-07 09:57:20,089][org.hibernate.cfg.Environment]HHH000021: Bytecode provider name : javassist
[INFO][2014-11-07 09:57:20,727][org.hibernate.dialect.Dialect]HHH000400: Using dialect: org.hibernate.dialect.MySQLDialect
[INFO][2014-11-07 09:57:20,796][org.hibernate.engine.transaction.internal.TransactionFactoryInitiator]HHH000399: Using default transaction strategy (direct JDBC transactions)
[INFO][2014-11-07 09:57:20,806][org.hibernate.hql.internal.ast.ASTQueryTranslatorFactory]HHH000397: Using ASTQueryTranslatorFactory
[INFO][2014-11-07 09:57:21,502][org.hibernate.tool.hbm2ddl.SchemaUpdate]HHH000228: Running hbm2ddl schema update
[INFO][2014-11-07 09:57:21,502][org.hibernate.tool.hbm2ddl.SchemaUpdate]HHH000102: Fetching database metadata
[INFO][2014-11-07 09:57:21,508][org.hibernate.tool.hbm2ddl.SchemaUpdate]HHH000396: Updating schema
[INFO][2014-11-07 09:57:21,509][org.hibernate.tool.hbm2ddl.SchemaUpdate]HHH000232: Schema update complete
[INFO][2014-11-07 09:57:21,600][org.springframework.orm.hibernate4.HibernateTransactionManager]Using DataSource [{
	CreateTime:"2014-11-07 09:57:18",
	ActiveCount:0,
	PoolingCount:1,
	CreateCount:1,
	DestroyCount:0,
	CloseCount:2,
	ConnectCount:2,
	Connections:[
		{ID:1663973984, ConnectTime:"2014-11-07 09:57:20", UseCount:2, LastActiveTime:"2014-11-07 09:57:21"}
	]
}] of Hibernate SessionFactory for HibernateTransactionManager
[INFO][2014-11-07 10:02:57,102][org.springframework.context.support.ClassPathXmlApplicationContext]Refreshing org.springframework.context.support.ClassPathXmlApplicationContext@ebe9f73: startup date [Fri Nov 07 10:02:57 CST 2014]; root of context hierarchy
[INFO][2014-11-07 10:02:57,245][org.springframework.beans.factory.xml.XmlBeanDefinitionReader]Loading XML bean definitions from class path resource [spring.xml]
[INFO][2014-11-07 10:02:57,599][org.springframework.beans.factory.xml.XmlBeanDefinitionReader]Loading XML bean definitions from class path resource [spring-hibernate.xml]
[INFO][2014-11-07 10:02:57,985][org.springframework.beans.factory.config.PropertyPlaceholderConfigurer]Loading properties file from class path resource [config.properties]
[INFO][2014-11-07 10:02:58,064][org.springframework.beans.factory.support.DefaultListableBeanFactory]Pre-instantiating singletons in org.springframework.beans.factory.support.DefaultListableBeanFactory@483b0544: defining beans [org.springframework.beans.factory.config.PropertyPlaceholderConfigurer#0,org.springframework.context.annotation.internalConfigurationAnnotationProcessor,org.springframework.context.annotation.internalAutowiredAnnotationProcessor,org.springframework.context.annotation.internalRequiredAnnotationProcessor,org.springframework.context.annotation.internalCommonAnnotationProcessor,org.springframework.context.annotation.internalPersistenceAnnotationProcessor,dataSource,sessionFactory,transactionManager,org.springframework.aop.config.internalAutoProxyCreator,productServiceMethods,org.springframework.aop.support.DefaultBeanFactoryPointcutAdvisor#0,txAdvice,druid-stat-interceptor,druid-stat-pointcut,org.springframework.aop.support.DefaultBeanFactoryPointcutAdvisor#1,org.springframework.context.annotation.ConfigurationClassPostProcessor$ImportAwareBeanPostProcessor#0]; root of factory hierarchy
[ERROR][2014-11-07 10:02:59,254][com.alibaba.druid.pool.DruidAbstractDataSource]maxIdle is deprecated
[INFO][2014-11-07 10:02:59,461][com.alibaba.druid.pool.DruidDataSource]{dataSource-1} inited
[INFO][2014-11-07 10:02:59,924][org.hibernate.annotations.common.Version]HCANN000001: Hibernate Commons Annotations {4.0.1.Final}
[INFO][2014-11-07 10:02:59,939][org.hibernate.Version]HHH000412: Hibernate Core {4.1.5.SP1}
[INFO][2014-11-07 10:02:59,944][org.hibernate.cfg.Environment]HHH000206: hibernate.properties not found
[INFO][2014-11-07 10:02:59,948][org.hibernate.cfg.Environment]HHH000021: Bytecode provider name : javassist
[INFO][2014-11-07 10:03:00,456][org.hibernate.dialect.Dialect]HHH000400: Using dialect: org.hibernate.dialect.MySQLDialect
[INFO][2014-11-07 10:03:00,496][org.hibernate.engine.transaction.internal.TransactionFactoryInitiator]HHH000399: Using default transaction strategy (direct JDBC transactions)
[INFO][2014-11-07 10:03:00,503][org.hibernate.hql.internal.ast.ASTQueryTranslatorFactory]HHH000397: Using ASTQueryTranslatorFactory
[INFO][2014-11-07 10:03:00,993][org.hibernate.tool.hbm2ddl.SchemaUpdate]HHH000228: Running hbm2ddl schema update
[INFO][2014-11-07 10:03:00,993][org.hibernate.tool.hbm2ddl.SchemaUpdate]HHH000102: Fetching database metadata
[INFO][2014-11-07 10:03:00,998][org.hibernate.tool.hbm2ddl.SchemaUpdate]HHH000396: Updating schema
[INFO][2014-11-07 10:03:00,998][org.hibernate.tool.hbm2ddl.SchemaUpdate]HHH000232: Schema update complete
[INFO][2014-11-07 10:03:01,163][org.springframework.orm.hibernate4.HibernateTransactionManager]Using DataSource [{
	CreateTime:"2014-11-07 10:02:58",
	ActiveCount:0,
	PoolingCount:1,
	CreateCount:1,
	DestroyCount:0,
	CloseCount:2,
	ConnectCount:2,
	Connections:[
		{ID:303258932, ConnectTime:"2014-11-07 10:03:00", UseCount:2, LastActiveTime:"2014-11-07 10:03:00"}
	]
}] of Hibernate SessionFactory for HibernateTransactionManager
[INFO][2014-11-07 10:07:31,718][org.springframework.context.support.ClassPathXmlApplicationContext]Refreshing org.springframework.context.support.ClassPathXmlApplicationContext@3c0d52ea: startup date [Fri Nov 07 10:07:31 CST 2014]; root of context hierarchy
[INFO][2014-11-07 10:07:31,862][org.springframework.beans.factory.xml.XmlBeanDefinitionReader]Loading XML bean definitions from class path resource [spring.xml]
[INFO][2014-11-07 10:07:32,200][org.springframework.beans.factory.xml.XmlBeanDefinitionReader]Loading XML bean definitions from class path resource [spring-hibernate.xml]
[INFO][2014-11-07 10:07:32,570][org.springframework.beans.factory.config.PropertyPlaceholderConfigurer]Loading properties file from class path resource [config.properties]
[INFO][2014-11-07 10:07:32,657][org.springframework.beans.factory.support.DefaultListableBeanFactory]Pre-instantiating singletons in org.springframework.beans.factory.support.DefaultListableBeanFactory@34a84a4f: defining beans [org.springframework.beans.factory.config.PropertyPlaceholderConfigurer#0,org.springframework.context.annotation.internalConfigurationAnnotationProcessor,org.springframework.context.annotation.internalAutowiredAnnotationProcessor,org.springframework.context.annotation.internalRequiredAnnotationProcessor,org.springframework.context.annotation.internalCommonAnnotationProcessor,org.springframework.context.annotation.internalPersistenceAnnotationProcessor,dataSource,sessionFactory,transactionManager,org.springframework.aop.config.internalAutoProxyCreator,productServiceMethods,org.springframework.aop.support.DefaultBeanFactoryPointcutAdvisor#0,txAdvice,druid-stat-interceptor,druid-stat-pointcut,org.springframework.aop.support.DefaultBeanFactoryPointcutAdvisor#1,org.springframework.context.annotation.ConfigurationClassPostProcessor$ImportAwareBeanPostProcessor#0]; root of factory hierarchy
[ERROR][2014-11-07 10:07:33,792][com.alibaba.druid.pool.DruidAbstractDataSource]maxIdle is deprecated
[INFO][2014-11-07 10:07:34,016][com.alibaba.druid.pool.DruidDataSource]{dataSource-1} inited
[INFO][2014-11-07 10:07:34,490][org.hibernate.annotations.common.Version]HCANN000001: Hibernate Commons Annotations {4.0.1.Final}
[INFO][2014-11-07 10:07:34,500][org.hibernate.Version]HHH000412: Hibernate Core {4.1.5.SP1}
[INFO][2014-11-07 10:07:34,507][org.hibernate.cfg.Environment]HHH000206: hibernate.properties not found
[INFO][2014-11-07 10:07:34,510][org.hibernate.cfg.Environment]HHH000021: Bytecode provider name : javassist
[INFO][2014-11-07 10:07:35,048][org.hibernate.dialect.Dialect]HHH000400: Using dialect: org.hibernate.dialect.MySQLDialect
[INFO][2014-11-07 10:07:35,082][org.hibernate.engine.transaction.internal.TransactionFactoryInitiator]HHH000399: Using default transaction strategy (direct JDBC transactions)
[INFO][2014-11-07 10:07:35,088][org.hibernate.hql.internal.ast.ASTQueryTranslatorFactory]HHH000397: Using ASTQueryTranslatorFactory
[INFO][2014-11-07 10:07:35,575][org.hibernate.tool.hbm2ddl.SchemaUpdate]HHH000228: Running hbm2ddl schema update
[INFO][2014-11-07 10:07:35,576][org.hibernate.tool.hbm2ddl.SchemaUpdate]HHH000102: Fetching database metadata
[INFO][2014-11-07 10:07:35,580][org.hibernate.tool.hbm2ddl.SchemaUpdate]HHH000396: Updating schema
[INFO][2014-11-07 10:07:35,581][org.hibernate.tool.hbm2ddl.SchemaUpdate]HHH000232: Schema update complete
[INFO][2014-11-07 10:07:35,735][org.springframework.orm.hibernate4.HibernateTransactionManager]Using DataSource [{
	CreateTime:"2014-11-07 10:07:33",
	ActiveCount:0,
	PoolingCount:1,
	CreateCount:1,
	DestroyCount:0,
	CloseCount:2,
	ConnectCount:2,
	Connections:[
		{ID:118345461, ConnectTime:"2014-11-07 10:07:35", UseCount:2, LastActiveTime:"2014-11-07 10:07:35"}
	]
}] of Hibernate SessionFactory for HibernateTransactionManager
[INFO][2014-11-07 10:07:59,759][org.springframework.context.support.ClassPathXmlApplicationContext]Refreshing org.springframework.context.support.ClassPathXmlApplicationContext@3c0d52ea: startup date [Fri Nov 07 10:07:59 CST 2014]; root of context hierarchy
[INFO][2014-11-07 10:07:59,911][org.springframework.beans.factory.xml.XmlBeanDefinitionReader]Loading XML bean definitions from class path resource [spring.xml]
[INFO][2014-11-07 10:08:00,244][org.springframework.beans.factory.xml.XmlBeanDefinitionReader]Loading XML bean definitions from class path resource [spring-hibernate.xml]
[INFO][2014-11-07 10:08:00,640][org.springframework.beans.factory.config.PropertyPlaceholderConfigurer]Loading properties file from class path resource [config.properties]
[INFO][2014-11-07 10:08:00,715][org.springframework.beans.factory.support.DefaultListableBeanFactory]Pre-instantiating singletons in org.springframework.beans.factory.support.DefaultListableBeanFactory@34a84a4f: defining beans [org.springframework.beans.factory.config.PropertyPlaceholderConfigurer#0,org.springframework.context.annotation.internalConfigurationAnnotationProcessor,org.springframework.context.annotation.internalAutowiredAnnotationProcessor,org.springframework.context.annotation.internalRequiredAnnotationProcessor,org.springframework.context.annotation.internalCommonAnnotationProcessor,org.springframework.context.annotation.internalPersistenceAnnotationProcessor,dataSource,sessionFactory,transactionManager,org.springframework.aop.config.internalAutoProxyCreator,productServiceMethods,org.springframework.aop.support.DefaultBeanFactoryPointcutAdvisor#0,txAdvice,druid-stat-interceptor,druid-stat-pointcut,org.springframework.aop.support.DefaultBeanFactoryPointcutAdvisor#1,org.springframework.context.annotation.ConfigurationClassPostProcessor$ImportAwareBeanPostProcessor#0]; root of factory hierarchy
[ERROR][2014-11-07 10:08:01,931][com.alibaba.druid.pool.DruidAbstractDataSource]maxIdle is deprecated
[INFO][2014-11-07 10:08:02,142][com.alibaba.druid.pool.DruidDataSource]{dataSource-1} inited
[INFO][2014-11-07 10:08:02,622][org.hibernate.annotations.common.Version]HCANN000001: Hibernate Commons Annotations {4.0.1.Final}
[INFO][2014-11-07 10:08:02,635][org.hibernate.Version]HHH000412: Hibernate Core {4.1.5.SP1}
[INFO][2014-11-07 10:08:02,639][org.hibernate.cfg.Environment]HHH000206: hibernate.properties not found
[INFO][2014-11-07 10:08:02,644][org.hibernate.cfg.Environment]HHH000021: Bytecode provider name : javassist
[INFO][2014-11-07 10:08:03,173][org.hibernate.dialect.Dialect]HHH000400: Using dialect: org.hibernate.dialect.MySQLDialect
[INFO][2014-11-07 10:08:03,211][org.hibernate.engine.transaction.internal.TransactionFactoryInitiator]HHH000399: Using default transaction strategy (direct JDBC transactions)
[INFO][2014-11-07 10:08:03,221][org.hibernate.hql.internal.ast.ASTQueryTranslatorFactory]HHH000397: Using ASTQueryTranslatorFactory
[INFO][2014-11-07 10:08:03,693][org.hibernate.tool.hbm2ddl.SchemaUpdate]HHH000228: Running hbm2ddl schema update
[INFO][2014-11-07 10:08:03,693][org.hibernate.tool.hbm2ddl.SchemaUpdate]HHH000102: Fetching database metadata
[INFO][2014-11-07 10:08:03,698][org.hibernate.tool.hbm2ddl.SchemaUpdate]HHH000396: Updating schema
[INFO][2014-11-07 10:08:03,699][org.hibernate.tool.hbm2ddl.SchemaUpdate]HHH000232: Schema update complete
[INFO][2014-11-07 10:08:03,847][org.springframework.orm.hibernate4.HibernateTransactionManager]Using DataSource [{
	CreateTime:"2014-11-07 10:08:01",
	ActiveCount:0,
	PoolingCount:1,
	CreateCount:1,
	DestroyCount:0,
	CloseCount:2,
	ConnectCount:2,
	Connections:[
		{ID:681266882, ConnectTime:"2014-11-07 10:08:03", UseCount:2, LastActiveTime:"2014-11-07 10:08:03"}
	]
}] of Hibernate SessionFactory for HibernateTransactionManager
